<?xml version="1.0" encoding="UTF-8"?>
<!-- Generated by org.testng.reporters.JUnitReportReporter -->
<testsuite hostname="DESKTOP-M4FQ76D" failures="0" tests="2" name="project.SearchProduct" time="29.784" errors="0" timestamp="2024-07-08T19:39:34 IST" skipped="0">
  <testcase classname="project.SearchProduct" name="f" time="16.834"/>
  <system-out/>
  <testcase classname="project.SearchProduct" name="Products" time="12.950"/>
  <system-out/>
</testsuite> <!-- project.SearchProduct -->
