<?xml version="1.0" encoding="UTF-8"?>
<!-- Generated by org.testng.reporters.JUnitReportReporter -->
<testsuite hostname="DESKTOP-M4FQ76D" failures="0" tests="2" name="project.VerifyAllProducts" time="19.690" errors="0" timestamp="2024-07-08T19:48:42 IST" skipped="0">
  <testcase classname="project.VerifyAllProducts" name="VerifyPriducts" time="12.881"/>
  <system-out/>
  <testcase classname="project.VerifyAllProducts" name="f" time="6.809"/>
  <system-out/>
</testsuite> <!-- project.VerifyAllProducts -->
