<?xml version="1.0" encoding="UTF-8"?>
<!-- Generated by org.testng.reporters.JUnitReportReporter -->
<testsuite hostname="DESKTOP-M4FQ76D" failures="0" tests="2" name="project.PlaceOrderLBC" time="56.502" errors="0" timestamp="2024-07-08T19:26:59 IST" skipped="0">
  <testcase classname="project.PlaceOrderLBC" name="LBeforCheckOut" time="45.926"/>
  <system-out/>
  <testcase classname="project.PlaceOrderLBC" name="f" time="10.576"/>
  <system-out/>
</testsuite> <!-- project.PlaceOrderLBC -->
