<?xml version="1.0" encoding="UTF-8"?>
<!-- Generated by org.testng.reporters.JUnitReportReporter -->
<testsuite hostname="DESKTOP-M4FQ76D" failures="0" tests="2" name="project.BrandProducts" time="22.226" errors="0" timestamp="2024-07-08T18:29:29 IST" skipped="0">
  <testcase classname="project.BrandProducts" name="ClickBrandProducts" time="11.790"/>
  <system-out/>
  <testcase classname="project.BrandProducts" name="f" time="10.436"/>
  <system-out/>
</testsuite> <!-- project.BrandProducts -->
