<?xml version="1.0" encoding="UTF-8"?>
<!-- Generated by org.testng.reporters.JUnitReportReporter -->
<testsuite hostname="DESKTOP-M4FQ76D" failures="0" tests="2" name="project.PlaceOrderRWC" time="52.819" errors="0" timestamp="2024-07-08T19:31:10 IST" skipped="0">
  <testcase classname="project.PlaceOrderRWC" name="OrderPlaced" time="38.701"/>
  <system-out/>
  <testcase classname="project.PlaceOrderRWC" name="f" time="14.118"/>
  <system-out/>
</testsuite> <!-- project.PlaceOrderRWC -->
