<?xml version="1.0" encoding="UTF-8"?>
<!-- Generated by org.testng.reporters.JUnitReportReporter -->
<testsuite hostname="DESKTOP-M4FQ76D" failures="0" tests="2" name="project.RecomendedItems" time="19.439" errors="0" timestamp="2024-07-08T19:34:26 IST" skipped="0">
  <testcase classname="project.RecomendedItems" name="f" time="7.963"/>
  <system-out/>
  <testcase classname="project.RecomendedItems" name="ATRI" time="11.476"/>
  <system-out/>
</testsuite> <!-- project.RecomendedItems -->
