<?xml version="1.0" encoding="UTF-8"?>
<!-- Generated by org.testng.reporters.JUnitReportReporter -->
<testsuite hostname="DESKTOP-M4FQ76D" failures="0" tests="2" name="project.SubscriptionInHP" time="7.797" errors="0" timestamp="2024-07-08T19:46:45 IST" skipped="0">
  <testcase classname="project.SubscriptionInHP" name="subscription" time="1.107"/>
  <system-out/>
  <testcase classname="project.SubscriptionInHP" name="f" time="6.690"/>
  <system-out/>
</testsuite> <!-- project.SubscriptionInHP -->
