<?xml version="1.0" encoding="UTF-8"?>
<!-- Generated by org.testng.reporters.JUnitReportReporter -->
<testsuite hostname="DESKTOP-M4FQ76D" failures="0" tests="2" name="project.VerifyAddDetails" time="35.383" errors="0" timestamp="2024-07-08T19:48:02 IST" skipped="0">
  <testcase classname="project.VerifyAddDetails" name="AddressDetails" time="28.332"/>
  <system-out/>
  <testcase classname="project.VerifyAddDetails" name="f" time="7.051"/>
  <system-out/>
</testsuite> <!-- project.VerifyAddDetails -->
