<?xml version="1.0" encoding="UTF-8"?>
<!-- Generated by org.testng.reporters.JUnitReportReporter -->
<testsuite hostname="DESKTOP-M4FQ76D" failures="0" tests="2" name="project.ScrollUpWithoutArrow" time="16.041" errors="0" timestamp="2024-07-08T19:37:55 IST" skipped="0">
  <testcase classname="project.ScrollUpWithoutArrow" name="ScrollUp" time="3.642"/>
  <system-out/>
  <testcase classname="project.ScrollUpWithoutArrow" name="f" time="12.399"/>
  <system-out/>
</testsuite> <!-- project.ScrollUpWithoutArrow -->
