<?xml version="1.0" encoding="UTF-8"?>
<!-- Generated by org.testng.reporters.JUnitReportReporter -->
<testsuite hostname="DESKTOP-M4FQ76D" failures="0" tests="2" name="project.ReviewOnProduct" time="19.800" errors="0" timestamp="2024-07-08T19:37:30 IST" skipped="0">
  <testcase classname="project.ReviewOnProduct" name="f" time="12.010"/>
  <system-out/>
  <testcase classname="project.ReviewOnProduct" name="ReviewProduct" time="7.790"/>
  <system-out/>
</testsuite> <!-- project.ReviewOnProduct -->
