<?xml version="1.0" encoding="UTF-8"?>
<!-- Generated by org.testng.reporters.JUnitReportReporter -->
<testsuite hostname="DESKTOP-M4FQ76D" failures="0" tests="2" name="project.VerifyScrollUpAndDown" time="8.917" errors="0" timestamp="2024-07-08T19:49:00 IST" skipped="0">
  <testcase classname="project.VerifyScrollUpAndDown" name="f" time="7.170"/>
  <system-out/>
  <testcase classname="project.VerifyScrollUpAndDown" name="ScrollUpandDown" time="1.747"/>
  <system-out/>
</testsuite> <!-- project.VerifyScrollUpAndDown -->
