<?xml version="1.0" encoding="UTF-8"?>
<!-- Generated by org.testng.reporters.JUnitReportReporter -->
<testsuite hostname="DESKTOP-M4FQ76D" failures="0" tests="2" name="project.VerfyTestrCase" time="13.016" errors="0" timestamp="2024-07-08T19:47:06 IST" skipped="0">
  <testcase classname="project.VerfyTestrCase" name="f" time="7.541"/>
  <system-out/>
  <testcase classname="project.VerfyTestrCase" name="Terstcase" time="5.475"/>
  <system-out/>
</testsuite> <!-- project.VerfyTestrCase -->
