<?xml version="1.0" encoding="UTF-8"?>
<!-- Generated by org.testng.reporters.JUnitReportReporter -->
<testsuite hostname="DESKTOP-M4FQ76D" failures="0" tests="2" name="project.RemoveProdToCart" time="17.432" errors="0" timestamp="2024-07-08T19:36:59 IST" skipped="0">
  <testcase classname="project.RemoveProdToCart" name="f" time="13.356"/>
  <system-out/>
  <testcase classname="project.RemoveProdToCart" name="RemoveProducts" time="4.076"/>
  <system-out/>
</testsuite> <!-- project.RemoveProdToCart -->
