<?xml version="1.0" encoding="UTF-8"?>
<!-- Generated by org.testng.reporters.JUnitReportReporter -->
<testsuite hostname="DESKTOP-M4FQ76D" failures="0" tests="1" name="project.LoginWithInCorrectDetails" time="37.787" errors="0" timestamp="2024-07-08T19:15:22 IST" skipped="0">
  <testcase classname="project.LoginWithInCorrectDetails" name="LoginInCorrectdata" time="37.787"/>
  <system-out/>
</testsuite> <!-- project.LoginWithInCorrectDetails -->
