<?xml version="1.0" encoding="UTF-8"?>
<!-- Generated by org.testng.reporters.JUnitReportReporter -->
<testsuite hostname="DESKTOP-M4FQ76D" failures="0" tests="2" name="project.SearchProductsVerifycart" time="26.546" errors="0" timestamp="2024-07-08T19:45:44 IST" skipped="0">
  <testcase classname="project.SearchProductsVerifycart" name="f" time="7.108"/>
  <system-out/>
  <testcase classname="project.SearchProductsVerifycart" name="searchprod" time="19.438"/>
  <system-out/>
</testsuite> <!-- project.SearchProductsVerifycart -->
