<?xml version="1.0" encoding="UTF-8"?>
<!-- Generated by org.testng.reporters.JUnitReportReporter -->
<testsuite hostname="DESKTOP-M4FQ76D" failures="0" tests="1" name="project.BaseTest" time="9.187" errors="0" timestamp="2024-07-08T18:28:57 IST" skipped="0">
  <testcase classname="project.BaseTest" name="f" time="9.187"/>
  <system-out/>
</testsuite> <!-- project.BaseTest -->
