<?xml version="1.0" encoding="UTF-8"?>
<!-- Generated by org.testng.reporters.JUnitReportReporter -->
<testsuite hostname="DESKTOP-M4FQ76D" failures="0" tests="2" name="project.PlaceOrderRBC" time="57.924" errors="0" timestamp="2024-07-08T19:28:18 IST" skipped="0">
  <testcase classname="project.PlaceOrderRBC" name="PORBC" time="49.994"/>
  <system-out/>
  <testcase classname="project.PlaceOrderRBC" name="f" time="7.930"/>
  <system-out/>
</testsuite> <!-- project.PlaceOrderRBC -->
