<?xml version="1.0" encoding="UTF-8"?>
<!-- Generated by org.testng.reporters.JUnitReportReporter -->
<testsuite hostname="DESKTOP-M4FQ76D" failures="0" tests="2" name="project.SubscriptionInCP" time="10.502" errors="0" timestamp="2024-07-08T19:46:28 IST" skipped="0">
  <testcase classname="project.SubscriptionInCP" name="CartSub" time="3.734"/>
  <system-out/>
  <testcase classname="project.SubscriptionInCP" name="f" time="6.768"/>
  <system-out/>
</testsuite> <!-- project.SubscriptionInCP -->
