<?xml version="1.0" encoding="UTF-8"?>
<!-- Generated by org.testng.reporters.JUnitReportReporter -->
<testsuite hostname="DESKTOP-M4FQ76D" failures="0" tests="2" name="project.LogoutUser" time="23.878" errors="0" timestamp="2024-07-08T19:22:28 IST" skipped="0">
  <testcase classname="project.LogoutUser" name="f" time="14.347"/>
  <system-out/>
  <testcase classname="project.LogoutUser" name="Logout" time="9.531"/>
  <system-out/>
</testsuite> <!-- project.LogoutUser -->
