<?xml version="1.0" encoding="UTF-8"?>
<!-- Generated by org.testng.reporters.JUnitReportReporter -->
<testsuite hostname="DESKTOP-M4FQ76D" failures="0" tests="2" name="project.ViewCategoryPro" time="9.999" errors="0" timestamp="2024-07-08T19:49:22 IST" skipped="0">
  <testcase classname="project.ViewCategoryPro" name="f" time="5.937"/>
  <system-out/>
  <testcase classname="project.ViewCategoryPro" name="ViewCategory" time="4.062"/>
  <system-out/>
</testsuite> <!-- project.ViewCategoryPro -->
