<?xml version="1.0" encoding="UTF-8"?>
<!-- Generated by org.testng.reporters.JUnitReportReporter -->
<testsuite hostname="DESKTOP-M4FQ76D" failures="0" tests="2" name="project.RegisterWithExistingData" time="20.871" errors="0" timestamp="2024-07-08T19:36:31 IST" skipped="0">
  <testcase classname="project.RegisterWithExistingData" name="RegWithIncorrect" time="8.925"/>
  <system-out/>
  <testcase classname="project.RegisterWithExistingData" name="f" time="11.946"/>
  <system-out/>
</testsuite> <!-- project.RegisterWithExistingData -->
