<?xml version="1.0" encoding="UTF-8"?>
<!-- Generated by org.testng.reporters.JUnitReportReporter -->
<testsuite hostname="DESKTOP-M4FQ76D" failures="0" tests="2" name="project.RegisterUser" time="40.448" errors="0" timestamp="2024-07-08T19:35:30 IST" skipped="0">
  <testcase classname="project.RegisterUser" name="f" time="10.743"/>
  <system-out/>
  <testcase classname="project.RegisterUser" name="Register" time="29.705"/>
  <system-out/>
</testsuite> <!-- project.RegisterUser -->
