<?xml version="1.0" encoding="UTF-8"?>
<!-- Generated by org.testng.reporters.JUnitReportReporter -->
<testsuite hostname="DESKTOP-M4FQ76D" failures="0" tests="2" name="project.ProductsInCart" time="24.194" errors="0" timestamp="2024-07-08T19:33:56 IST" skipped="0">
  <testcase classname="project.ProductsInCart" name="ProductsCart" time="14.585"/>
  <system-out/>
  <testcase classname="project.ProductsInCart" name="f" time="9.609"/>
  <system-out/>
</testsuite> <!-- project.ProductsInCart -->
