<?xml version="1.0" encoding="UTF-8"?>
<!-- Generated by org.testng.reporters.JUnitReportReporter -->
<testsuite hostname="DESKTOP-M4FQ76D" failures="0" tests="2" name="project.ProductQuantity" time="14.108" errors="0" timestamp="2024-07-08T19:32:32 IST" skipped="0">
  <testcase classname="project.ProductQuantity" name="f" time="8.857"/>
  <system-out/>
  <testcase classname="project.ProductQuantity" name="PrdQun" time="5.251"/>
  <system-out/>
</testsuite> <!-- project.ProductQuantity -->
